<?xml version="1.0" encoding="UTF-8"?>
<testsuite name="uk.co.philharper.mysqlutils.repository.MySQLDatabaseRepositoryTest" tests="1" skipped="0" failures="0" errors="0" timestamp="2017-09-16T19:47:54" hostname="phil-ubuntu" time="0.001">
  <properties/>
  <testcase name="test" classname="uk.co.philharper.mysqlutils.repository.MySQLDatabaseRepositoryTest" time="0.001"/>
  <system-out><![CDATA[]]></system-out>
  <system-err><![CDATA[]]></system-err>
</testsuite>
